2024-12-03 13:39:52 debug: Since 5.0.0: Calling `findAll` finder with options array is deprecated. Use named arguments instead.
/Users/ishaq/Outils/Valet/Sites/projetphp/vendor/cakephp/cakephp/src/ORM/Table.php, line: 2649
You can disable all deprecation warnings by setting `Error.errorLevel` to `E_ALL & ~E_USER_DEPRECATED`. Adding `vendor/cakephp/cakephp/src/ORM/Table.php` to `Error.ignoredDeprecationPaths` in your `config/app.php` config will mute deprecations from that file only.
Request URL: /users/dashboard
Client IP: 127.0.0.1
Trace:
/Users/ishaq/Outils/Valet/Sites/projetphp/vendor/cakephp/cakephp/src/Core/functions.php /Users/ishaq/Outils/Valet/Sites/projetphp/vendor/cakephp/cakephp/src/Core/functions.php, line 384
/Users/ishaq/Outils/Valet/Sites/projetphp/vendor/cakephp/cakephp/src/ORM/Table.php /Users/ishaq/Outils/Valet/Sites/projetphp/vendor/cakephp/cakephp/src/ORM/Table.php, line 2717
Cake\ORM\Table->invokeFinder() /Users/ishaq/Outils/Valet/Sites/projetphp/vendor/cakephp/cakephp/src/ORM/Table.php, line 2649
Cake\ORM\Table->callFinder() /Users/ishaq/Outils/Valet/Sites/projetphp/vendor/cakephp/cakephp/src/ORM/Table.php, line 1296
Cake\ORM\Table->find() /Users/ishaq/Outils/Valet/Sites/projetphp/src/Controller/AppController.php, line 65
App\Controller\AppController->beforeRender() /Users/ishaq/Outils/Valet/Sites/projetphp/vendor/cakephp/cakephp/src/Event/EventManager.php, line 331
Cake\Event\EventManager->_callListener() /Users/ishaq/Outils/Valet/Sites/projetphp/vendor/cakephp/cakephp/src/Event/EventManager.php, line 309
Cake\Event\EventManager->dispatch() /Users/ishaq/Outils/Valet/Sites/projetphp/vendor/cakephp/cakephp/src/Event/EventDispatcherTrait.php, line 88
Cake\Controller\Controller->dispatchEvent() /Users/ishaq/Outils/Valet/Sites/projetphp/vendor/cakephp/cakephp/src/Controller/Controller.php, line 696
Cake\Controller\Controller->render() /Users/ishaq/Outils/Valet/Sites/projetphp/vendor/cakephp/cakephp/src/Controller/Controller.php, line 514
Cake\Controller\Controller->invokeAction() /Users/ishaq/Outils/Valet/Sites/projetphp/vendor/cakephp/cakephp/src/Controller/ControllerFactory.php, line 166
Cake\Controller\ControllerFactory->handle() /Users/ishaq/Outils/Valet/Sites/projetphp/vendor/cakephp/cakephp/src/Controller/ControllerFactory.php, line 141
Cake\Controller\ControllerFactory->invoke() /Users/ishaq/Outils/Valet/Sites/projetphp/vendor/cakephp/cakephp/src/Http/BaseApplication.php, line 362
Cake\Http\BaseApplication->handle() /Users/ishaq/Outils/Valet/Sites/projetphp/vendor/cakephp/cakephp/src/Http/Runner.php, line 86
Cake\Http\Runner->handle() /Users/ishaq/Outils/Valet/Sites/projetphp/vendor/cakephp/cakephp/src/Http/Middleware/CsrfProtectionMiddleware.php, line 169
Cake\Http\Middleware\CsrfProtectionMiddleware->process() /Users/ishaq/Outils/Valet/Sites/projetphp/vendor/cakephp/cakephp/src/Http/Runner.php, line 82
Cake\Http\Runner->handle() /Users/ishaq/Outils/Valet/Sites/projetphp/vendor/cakephp/cakephp/src/Http/Middleware/BodyParserMiddleware.php, line 157
Cake\Http\Middleware\BodyParserMiddleware->process() /Users/ishaq/Outils/Valet/Sites/projetphp/vendor/cakephp/cakephp/src/Http/Runner.php, line 82
Cake\Http\Runner->handle() /Users/ishaq/Outils/Valet/Sites/projetphp/vendor/cakephp/cakephp/src/Routing/Middleware/RoutingMiddleware.php, line 118
Cake\Routing\Middleware\RoutingMiddleware->process() /Users/ishaq/Outils/Valet/Sites/projetphp/vendor/cakephp/cakephp/src/Http/Runner.php, line 82
Cake\Http\Runner->handle() /Users/ishaq/Outils/Valet/Sites/projetphp/vendor/cakephp/cakephp/src/Routing/Middleware/AssetMiddleware.php, line 69
Cake\Routing\Middleware\AssetMiddleware->process() /Users/ishaq/Outils/Valet/Sites/projetphp/vendor/cakephp/cakephp/src/Http/Runner.php, line 82
Cake\Http\Runner->handle() /Users/ishaq/Outils/Valet/Sites/projetphp/vendor/cakephp/cakephp/src/Error/Middleware/ErrorHandlerMiddleware.php, line 115
Cake\Error\Middleware\ErrorHandlerMiddleware->process() /Users/ishaq/Outils/Valet/Sites/projetphp/vendor/cakephp/cakephp/src/Http/Runner.php, line 82
Cake\Http\Runner->handle() /Users/ishaq/Outils/Valet/Sites/projetphp/vendor/cakephp/authentication/src/Middleware/AuthenticationMiddleware.php, line 107
Authentication\Middleware\AuthenticationMiddleware->process() /Users/ishaq/Outils/Valet/Sites/projetphp/vendor/cakephp/cakephp/src/Http/Runner.php, line 82
Cake\Http\Runner->handle() /Users/ishaq/Outils/Valet/Sites/projetphp/vendor/cakephp/cakephp/src/Routing/Middleware/RoutingMiddleware.php, line 118
Cake\Routing\Middleware\RoutingMiddleware->process() /Users/ishaq/Outils/Valet/Sites/projetphp/vendor/cakephp/cakephp/src/Http/Runner.php, line 82
Cake\Http\Runner->handle() /Users/ishaq/Outils/Valet/Sites/projetphp/vendor/cakephp/debug_kit/src/Middleware/DebugKitMiddleware.php, line 60
DebugKit\Middleware\DebugKitMiddleware->process() /Users/ishaq/Outils/Valet/Sites/projetphp/vendor/cakephp/cakephp/src/Http/Runner.php, line 82
Cake\Http\Runner->handle() /Users/ishaq/Outils/Valet/Sites/projetphp/vendor/cakephp/cakephp/src/Http/Runner.php, line 60
Cake\Http\Runner->run() /Users/ishaq/Outils/Valet/Sites/projetphp/vendor/cakephp/cakephp/src/Http/Server.php, line 104
Cake\Http\Server->run() /Users/ishaq/Outils/Valet/Sites/projetphp/webroot/index.php, line 37
/Users/ishaq/.composer/vendor/laravel/valet/server.php /Users/ishaq/.composer/vendor/laravel/valet/server.php, line 110
[main]

2024-12-03 13:39:52 notice: Undefined property `UsersController::$MenuItems` in `/Users/ishaq/Outils/Valet/Sites/projetphp/src/Controller/AppController.php` on line 68
Request URL: /users/dashboard
Client IP: 127.0.0.1
Trace:
/Users/ishaq/Outils/Valet/Sites/projetphp/vendor/cakephp/cakephp/src/Controller/Controller.php /Users/ishaq/Outils/Valet/Sites/projetphp/vendor/cakephp/cakephp/src/Controller/Controller.php, line 316
Cake\Controller\Controller->__get() /Users/ishaq/Outils/Valet/Sites/projetphp/src/Controller/AppController.php, line 68
App\Controller\AppController->beforeRender() /Users/ishaq/Outils/Valet/Sites/projetphp/vendor/cakephp/cakephp/src/Event/EventManager.php, line 331
Cake\Event\EventManager->_callListener() /Users/ishaq/Outils/Valet/Sites/projetphp/vendor/cakephp/cakephp/src/Event/EventManager.php, line 309
Cake\Event\EventManager->dispatch() /Users/ishaq/Outils/Valet/Sites/projetphp/vendor/cakephp/cakephp/src/Event/EventDispatcherTrait.php, line 88
Cake\Controller\Controller->dispatchEvent() /Users/ishaq/Outils/Valet/Sites/projetphp/vendor/cakephp/cakephp/src/Controller/Controller.php, line 696
Cake\Controller\Controller->render() /Users/ishaq/Outils/Valet/Sites/projetphp/vendor/cakephp/cakephp/src/Controller/Controller.php, line 514
Cake\Controller\Controller->invokeAction() /Users/ishaq/Outils/Valet/Sites/projetphp/vendor/cakephp/cakephp/src/Controller/ControllerFactory.php, line 166
Cake\Controller\ControllerFactory->handle() /Users/ishaq/Outils/Valet/Sites/projetphp/vendor/cakephp/cakephp/src/Controller/ControllerFactory.php, line 141
Cake\Controller\ControllerFactory->invoke() /Users/ishaq/Outils/Valet/Sites/projetphp/vendor/cakephp/cakephp/src/Http/BaseApplication.php, line 362
Cake\Http\BaseApplication->handle() /Users/ishaq/Outils/Valet/Sites/projetphp/vendor/cakephp/cakephp/src/Http/Runner.php, line 86
Cake\Http\Runner->handle() /Users/ishaq/Outils/Valet/Sites/projetphp/vendor/cakephp/cakephp/src/Http/Middleware/CsrfProtectionMiddleware.php, line 169
Cake\Http\Middleware\CsrfProtectionMiddleware->process() /Users/ishaq/Outils/Valet/Sites/projetphp/vendor/cakephp/cakephp/src/Http/Runner.php, line 82
Cake\Http\Runner->handle() /Users/ishaq/Outils/Valet/Sites/projetphp/vendor/cakephp/cakephp/src/Http/Middleware/BodyParserMiddleware.php, line 157
Cake\Http\Middleware\BodyParserMiddleware->process() /Users/ishaq/Outils/Valet/Sites/projetphp/vendor/cakephp/cakephp/src/Http/Runner.php, line 82
Cake\Http\Runner->handle() /Users/ishaq/Outils/Valet/Sites/projetphp/vendor/cakephp/cakephp/src/Routing/Middleware/RoutingMiddleware.php, line 118
Cake\Routing\Middleware\RoutingMiddleware->process() /Users/ishaq/Outils/Valet/Sites/projetphp/vendor/cakephp/cakephp/src/Http/Runner.php, line 82
Cake\Http\Runner->handle() /Users/ishaq/Outils/Valet/Sites/projetphp/vendor/cakephp/cakephp/src/Routing/Middleware/AssetMiddleware.php, line 69
Cake\Routing\Middleware\AssetMiddleware->process() /Users/ishaq/Outils/Valet/Sites/projetphp/vendor/cakephp/cakephp/src/Http/Runner.php, line 82
Cake\Http\Runner->handle() /Users/ishaq/Outils/Valet/Sites/projetphp/vendor/cakephp/cakephp/src/Error/Middleware/ErrorHandlerMiddleware.php, line 115
Cake\Error\Middleware\ErrorHandlerMiddleware->process() /Users/ishaq/Outils/Valet/Sites/projetphp/vendor/cakephp/cakephp/src/Http/Runner.php, line 82
Cake\Http\Runner->handle() /Users/ishaq/Outils/Valet/Sites/projetphp/vendor/cakephp/authentication/src/Middleware/AuthenticationMiddleware.php, line 107
Authentication\Middleware\AuthenticationMiddleware->process() /Users/ishaq/Outils/Valet/Sites/projetphp/vendor/cakephp/cakephp/src/Http/Runner.php, line 82
Cake\Http\Runner->handle() /Users/ishaq/Outils/Valet/Sites/projetphp/vendor/cakephp/cakephp/src/Routing/Middleware/RoutingMiddleware.php, line 118
Cake\Routing\Middleware\RoutingMiddleware->process() /Users/ishaq/Outils/Valet/Sites/projetphp/vendor/cakephp/cakephp/src/Http/Runner.php, line 82
Cake\Http\Runner->handle() /Users/ishaq/Outils/Valet/Sites/projetphp/vendor/cakephp/debug_kit/src/Middleware/DebugKitMiddleware.php, line 60
DebugKit\Middleware\DebugKitMiddleware->process() /Users/ishaq/Outils/Valet/Sites/projetphp/vendor/cakephp/cakephp/src/Http/Runner.php, line 82
Cake\Http\Runner->handle() /Users/ishaq/Outils/Valet/Sites/projetphp/vendor/cakephp/cakephp/src/Http/Runner.php, line 60
Cake\Http\Runner->run() /Users/ishaq/Outils/Valet/Sites/projetphp/vendor/cakephp/cakephp/src/Http/Server.php, line 104
Cake\Http\Server->run() /Users/ishaq/Outils/Valet/Sites/projetphp/webroot/index.php, line 37
/Users/ishaq/.composer/vendor/laravel/valet/server.php /Users/ishaq/.composer/vendor/laravel/valet/server.php, line 110
[main]

2024-12-03 13:39:52 notice: Undefined property `ErrorController::$MenuItems` in `/Users/ishaq/Outils/Valet/Sites/projetphp/src/Controller/AppController.php` on line 68
Request URL: /users/dashboard
Client IP: 127.0.0.1
Trace:
/Users/ishaq/Outils/Valet/Sites/projetphp/vendor/cakephp/cakephp/src/Controller/Controller.php /Users/ishaq/Outils/Valet/Sites/projetphp/vendor/cakephp/cakephp/src/Controller/Controller.php, line 316
Cake\Controller\Controller->__get() /Users/ishaq/Outils/Valet/Sites/projetphp/src/Controller/AppController.php, line 68
App\Controller\AppController->beforeRender() /Users/ishaq/Outils/Valet/Sites/projetphp/src/Controller/ErrorController.php, line 56
App\Controller\ErrorController->beforeRender() /Users/ishaq/Outils/Valet/Sites/projetphp/vendor/cakephp/cakephp/src/Event/EventManager.php, line 331
Cake\Event\EventManager->_callListener() /Users/ishaq/Outils/Valet/Sites/projetphp/vendor/cakephp/cakephp/src/Event/EventManager.php, line 309
Cake\Event\EventManager->dispatch() /Users/ishaq/Outils/Valet/Sites/projetphp/vendor/cakephp/cakephp/src/Event/EventDispatcherTrait.php, line 88
Cake\Controller\Controller->dispatchEvent() /Users/ishaq/Outils/Valet/Sites/projetphp/vendor/cakephp/cakephp/src/Controller/Controller.php, line 696
Cake\Controller\Controller->render() /Users/ishaq/Outils/Valet/Sites/projetphp/vendor/cakephp/cakephp/src/Error/Renderer/WebExceptionRenderer.php, line 419
Cake\Error\Renderer\WebExceptionRenderer->_outputMessage() /Users/ishaq/Outils/Valet/Sites/projetphp/vendor/cakephp/cakephp/src/Error/Renderer/WebExceptionRenderer.php, line 290
Cake\Error\Renderer\WebExceptionRenderer->render() /Users/ishaq/Outils/Valet/Sites/projetphp/vendor/cakephp/cakephp/src/Error/Middleware/ErrorHandlerMiddleware.php, line 149
Cake\Error\Middleware\ErrorHandlerMiddleware->handleException() /Users/ishaq/Outils/Valet/Sites/projetphp/vendor/cakephp/cakephp/src/Error/Middleware/ErrorHandlerMiddleware.php, line 119
Cake\Error\Middleware\ErrorHandlerMiddleware->process() /Users/ishaq/Outils/Valet/Sites/projetphp/vendor/cakephp/cakephp/src/Http/Runner.php, line 82
Cake\Http\Runner->handle() /Users/ishaq/Outils/Valet/Sites/projetphp/vendor/cakephp/authentication/src/Middleware/AuthenticationMiddleware.php, line 107
Authentication\Middleware\AuthenticationMiddleware->process() /Users/ishaq/Outils/Valet/Sites/projetphp/vendor/cakephp/cakephp/src/Http/Runner.php, line 82
Cake\Http\Runner->handle() /Users/ishaq/Outils/Valet/Sites/projetphp/vendor/cakephp/cakephp/src/Routing/Middleware/RoutingMiddleware.php, line 118
Cake\Routing\Middleware\RoutingMiddleware->process() /Users/ishaq/Outils/Valet/Sites/projetphp/vendor/cakephp/cakephp/src/Http/Runner.php, line 82
Cake\Http\Runner->handle() /Users/ishaq/Outils/Valet/Sites/projetphp/vendor/cakephp/debug_kit/src/Middleware/DebugKitMiddleware.php, line 60
DebugKit\Middleware\DebugKitMiddleware->process() /Users/ishaq/Outils/Valet/Sites/projetphp/vendor/cakephp/cakephp/src/Http/Runner.php, line 82
Cake\Http\Runner->handle() /Users/ishaq/Outils/Valet/Sites/projetphp/vendor/cakephp/cakephp/src/Http/Runner.php, line 60
Cake\Http\Runner->run() /Users/ishaq/Outils/Valet/Sites/projetphp/vendor/cakephp/cakephp/src/Http/Server.php, line 104
Cake\Http\Server->run() /Users/ishaq/Outils/Valet/Sites/projetphp/webroot/index.php, line 37
/Users/ishaq/.composer/vendor/laravel/valet/server.php /Users/ishaq/.composer/vendor/laravel/valet/server.php, line 110
[main]

2024-12-03 13:39:54 debug: Since 5.0.0: Calling `findAll` finder with options array is deprecated. Use named arguments instead.
/Users/ishaq/Outils/Valet/Sites/projetphp/vendor/cakephp/cakephp/src/ORM/Table.php, line: 2649
You can disable all deprecation warnings by setting `Error.errorLevel` to `E_ALL & ~E_USER_DEPRECATED`. Adding `vendor/cakephp/cakephp/src/ORM/Table.php` to `Error.ignoredDeprecationPaths` in your `config/app.php` config will mute deprecations from that file only.
Request URL: /users/dashboard
Client IP: 127.0.0.1
Trace:
/Users/ishaq/Outils/Valet/Sites/projetphp/vendor/cakephp/cakephp/src/Core/functions.php /Users/ishaq/Outils/Valet/Sites/projetphp/vendor/cakephp/cakephp/src/Core/functions.php, line 384
/Users/ishaq/Outils/Valet/Sites/projetphp/vendor/cakephp/cakephp/src/ORM/Table.php /Users/ishaq/Outils/Valet/Sites/projetphp/vendor/cakephp/cakephp/src/ORM/Table.php, line 2717
Cake\ORM\Table->invokeFinder() /Users/ishaq/Outils/Valet/Sites/projetphp/vendor/cakephp/cakephp/src/ORM/Table.php, line 2649
Cake\ORM\Table->callFinder() /Users/ishaq/Outils/Valet/Sites/projetphp/vendor/cakephp/cakephp/src/ORM/Table.php, line 1296
Cake\ORM\Table->find() /Users/ishaq/Outils/Valet/Sites/projetphp/src/Controller/AppController.php, line 65
App\Controller\AppController->beforeRender() /Users/ishaq/Outils/Valet/Sites/projetphp/vendor/cakephp/cakephp/src/Event/EventManager.php, line 331
Cake\Event\EventManager->_callListener() /Users/ishaq/Outils/Valet/Sites/projetphp/vendor/cakephp/cakephp/src/Event/EventManager.php, line 309
Cake\Event\EventManager->dispatch() /Users/ishaq/Outils/Valet/Sites/projetphp/vendor/cakephp/cakephp/src/Event/EventDispatcherTrait.php, line 88
Cake\Controller\Controller->dispatchEvent() /Users/ishaq/Outils/Valet/Sites/projetphp/vendor/cakephp/cakephp/src/Controller/Controller.php, line 696
Cake\Controller\Controller->render() /Users/ishaq/Outils/Valet/Sites/projetphp/vendor/cakephp/cakephp/src/Controller/Controller.php, line 514
Cake\Controller\Controller->invokeAction() /Users/ishaq/Outils/Valet/Sites/projetphp/vendor/cakephp/cakephp/src/Controller/ControllerFactory.php, line 166
Cake\Controller\ControllerFactory->handle() /Users/ishaq/Outils/Valet/Sites/projetphp/vendor/cakephp/cakephp/src/Controller/ControllerFactory.php, line 141
Cake\Controller\ControllerFactory->invoke() /Users/ishaq/Outils/Valet/Sites/projetphp/vendor/cakephp/cakephp/src/Http/BaseApplication.php, line 362
Cake\Http\BaseApplication->handle() /Users/ishaq/Outils/Valet/Sites/projetphp/vendor/cakephp/cakephp/src/Http/Runner.php, line 86
Cake\Http\Runner->handle() /Users/ishaq/Outils/Valet/Sites/projetphp/vendor/cakephp/cakephp/src/Http/Middleware/CsrfProtectionMiddleware.php, line 169
Cake\Http\Middleware\CsrfProtectionMiddleware->process() /Users/ishaq/Outils/Valet/Sites/projetphp/vendor/cakephp/cakephp/src/Http/Runner.php, line 82
Cake\Http\Runner->handle() /Users/ishaq/Outils/Valet/Sites/projetphp/vendor/cakephp/cakephp/src/Http/Middleware/BodyParserMiddleware.php, line 157
Cake\Http\Middleware\BodyParserMiddleware->process() /Users/ishaq/Outils/Valet/Sites/projetphp/vendor/cakephp/cakephp/src/Http/Runner.php, line 82
Cake\Http\Runner->handle() /Users/ishaq/Outils/Valet/Sites/projetphp/vendor/cakephp/cakephp/src/Routing/Middleware/RoutingMiddleware.php, line 118
Cake\Routing\Middleware\RoutingMiddleware->process() /Users/ishaq/Outils/Valet/Sites/projetphp/vendor/cakephp/cakephp/src/Http/Runner.php, line 82
Cake\Http\Runner->handle() /Users/ishaq/Outils/Valet/Sites/projetphp/vendor/cakephp/cakephp/src/Routing/Middleware/AssetMiddleware.php, line 69
Cake\Routing\Middleware\AssetMiddleware->process() /Users/ishaq/Outils/Valet/Sites/projetphp/vendor/cakephp/cakephp/src/Http/Runner.php, line 82
Cake\Http\Runner->handle() /Users/ishaq/Outils/Valet/Sites/projetphp/vendor/cakephp/cakephp/src/Error/Middleware/ErrorHandlerMiddleware.php, line 115
Cake\Error\Middleware\ErrorHandlerMiddleware->process() /Users/ishaq/Outils/Valet/Sites/projetphp/vendor/cakephp/cakephp/src/Http/Runner.php, line 82
Cake\Http\Runner->handle() /Users/ishaq/Outils/Valet/Sites/projetphp/vendor/cakephp/authentication/src/Middleware/AuthenticationMiddleware.php, line 107
Authentication\Middleware\AuthenticationMiddleware->process() /Users/ishaq/Outils/Valet/Sites/projetphp/vendor/cakephp/cakephp/src/Http/Runner.php, line 82
Cake\Http\Runner->handle() /Users/ishaq/Outils/Valet/Sites/projetphp/vendor/cakephp/cakephp/src/Routing/Middleware/RoutingMiddleware.php, line 118
Cake\Routing\Middleware\RoutingMiddleware->process() /Users/ishaq/Outils/Valet/Sites/projetphp/vendor/cakephp/cakephp/src/Http/Runner.php, line 82
Cake\Http\Runner->handle() /Users/ishaq/Outils/Valet/Sites/projetphp/vendor/cakephp/debug_kit/src/Middleware/DebugKitMiddleware.php, line 60
DebugKit\Middleware\DebugKitMiddleware->process() /Users/ishaq/Outils/Valet/Sites/projetphp/vendor/cakephp/cakephp/src/Http/Runner.php, line 82
Cake\Http\Runner->handle() /Users/ishaq/Outils/Valet/Sites/projetphp/vendor/cakephp/cakephp/src/Http/Runner.php, line 60
Cake\Http\Runner->run() /Users/ishaq/Outils/Valet/Sites/projetphp/vendor/cakephp/cakephp/src/Http/Server.php, line 104
Cake\Http\Server->run() /Users/ishaq/Outils/Valet/Sites/projetphp/webroot/index.php, line 37
/Users/ishaq/.composer/vendor/laravel/valet/server.php /Users/ishaq/.composer/vendor/laravel/valet/server.php, line 110
[main]

2024-12-03 13:39:54 notice: Undefined property `UsersController::$MenuItems` in `/Users/ishaq/Outils/Valet/Sites/projetphp/src/Controller/AppController.php` on line 68
Request URL: /users/dashboard
Client IP: 127.0.0.1
Trace:
/Users/ishaq/Outils/Valet/Sites/projetphp/vendor/cakephp/cakephp/src/Controller/Controller.php /Users/ishaq/Outils/Valet/Sites/projetphp/vendor/cakephp/cakephp/src/Controller/Controller.php, line 316
Cake\Controller\Controller->__get() /Users/ishaq/Outils/Valet/Sites/projetphp/src/Controller/AppController.php, line 68
App\Controller\AppController->beforeRender() /Users/ishaq/Outils/Valet/Sites/projetphp/vendor/cakephp/cakephp/src/Event/EventManager.php, line 331
Cake\Event\EventManager->_callListener() /Users/ishaq/Outils/Valet/Sites/projetphp/vendor/cakephp/cakephp/src/Event/EventManager.php, line 309
Cake\Event\EventManager->dispatch() /Users/ishaq/Outils/Valet/Sites/projetphp/vendor/cakephp/cakephp/src/Event/EventDispatcherTrait.php, line 88
Cake\Controller\Controller->dispatchEvent() /Users/ishaq/Outils/Valet/Sites/projetphp/vendor/cakephp/cakephp/src/Controller/Controller.php, line 696
Cake\Controller\Controller->render() /Users/ishaq/Outils/Valet/Sites/projetphp/vendor/cakephp/cakephp/src/Controller/Controller.php, line 514
Cake\Controller\Controller->invokeAction() /Users/ishaq/Outils/Valet/Sites/projetphp/vendor/cakephp/cakephp/src/Controller/ControllerFactory.php, line 166
Cake\Controller\ControllerFactory->handle() /Users/ishaq/Outils/Valet/Sites/projetphp/vendor/cakephp/cakephp/src/Controller/ControllerFactory.php, line 141
Cake\Controller\ControllerFactory->invoke() /Users/ishaq/Outils/Valet/Sites/projetphp/vendor/cakephp/cakephp/src/Http/BaseApplication.php, line 362
Cake\Http\BaseApplication->handle() /Users/ishaq/Outils/Valet/Sites/projetphp/vendor/cakephp/cakephp/src/Http/Runner.php, line 86
Cake\Http\Runner->handle() /Users/ishaq/Outils/Valet/Sites/projetphp/vendor/cakephp/cakephp/src/Http/Middleware/CsrfProtectionMiddleware.php, line 169
Cake\Http\Middleware\CsrfProtectionMiddleware->process() /Users/ishaq/Outils/Valet/Sites/projetphp/vendor/cakephp/cakephp/src/Http/Runner.php, line 82
Cake\Http\Runner->handle() /Users/ishaq/Outils/Valet/Sites/projetphp/vendor/cakephp/cakephp/src/Http/Middleware/BodyParserMiddleware.php, line 157
Cake\Http\Middleware\BodyParserMiddleware->process() /Users/ishaq/Outils/Valet/Sites/projetphp/vendor/cakephp/cakephp/src/Http/Runner.php, line 82
Cake\Http\Runner->handle() /Users/ishaq/Outils/Valet/Sites/projetphp/vendor/cakephp/cakephp/src/Routing/Middleware/RoutingMiddleware.php, line 118
Cake\Routing\Middleware\RoutingMiddleware->process() /Users/ishaq/Outils/Valet/Sites/projetphp/vendor/cakephp/cakephp/src/Http/Runner.php, line 82
Cake\Http\Runner->handle() /Users/ishaq/Outils/Valet/Sites/projetphp/vendor/cakephp/cakephp/src/Routing/Middleware/AssetMiddleware.php, line 69
Cake\Routing\Middleware\AssetMiddleware->process() /Users/ishaq/Outils/Valet/Sites/projetphp/vendor/cakephp/cakephp/src/Http/Runner.php, line 82
Cake\Http\Runner->handle() /Users/ishaq/Outils/Valet/Sites/projetphp/vendor/cakephp/cakephp/src/Error/Middleware/ErrorHandlerMiddleware.php, line 115
Cake\Error\Middleware\ErrorHandlerMiddleware->process() /Users/ishaq/Outils/Valet/Sites/projetphp/vendor/cakephp/cakephp/src/Http/Runner.php, line 82
Cake\Http\Runner->handle() /Users/ishaq/Outils/Valet/Sites/projetphp/vendor/cakephp/authentication/src/Middleware/AuthenticationMiddleware.php, line 107
Authentication\Middleware\AuthenticationMiddleware->process() /Users/ishaq/Outils/Valet/Sites/projetphp/vendor/cakephp/cakephp/src/Http/Runner.php, line 82
Cake\Http\Runner->handle() /Users/ishaq/Outils/Valet/Sites/projetphp/vendor/cakephp/cakephp/src/Routing/Middleware/RoutingMiddleware.php, line 118
Cake\Routing\Middleware\RoutingMiddleware->process() /Users/ishaq/Outils/Valet/Sites/projetphp/vendor/cakephp/cakephp/src/Http/Runner.php, line 82
Cake\Http\Runner->handle() /Users/ishaq/Outils/Valet/Sites/projetphp/vendor/cakephp/debug_kit/src/Middleware/DebugKitMiddleware.php, line 60
DebugKit\Middleware\DebugKitMiddleware->process() /Users/ishaq/Outils/Valet/Sites/projetphp/vendor/cakephp/cakephp/src/Http/Runner.php, line 82
Cake\Http\Runner->handle() /Users/ishaq/Outils/Valet/Sites/projetphp/vendor/cakephp/cakephp/src/Http/Runner.php, line 60
Cake\Http\Runner->run() /Users/ishaq/Outils/Valet/Sites/projetphp/vendor/cakephp/cakephp/src/Http/Server.php, line 104
Cake\Http\Server->run() /Users/ishaq/Outils/Valet/Sites/projetphp/webroot/index.php, line 37
/Users/ishaq/.composer/vendor/laravel/valet/server.php /Users/ishaq/.composer/vendor/laravel/valet/server.php, line 110
[main]

2024-12-03 13:39:54 notice: Undefined property `ErrorController::$MenuItems` in `/Users/ishaq/Outils/Valet/Sites/projetphp/src/Controller/AppController.php` on line 68
Request URL: /users/dashboard
Client IP: 127.0.0.1
Trace:
/Users/ishaq/Outils/Valet/Sites/projetphp/vendor/cakephp/cakephp/src/Controller/Controller.php /Users/ishaq/Outils/Valet/Sites/projetphp/vendor/cakephp/cakephp/src/Controller/Controller.php, line 316
Cake\Controller\Controller->__get() /Users/ishaq/Outils/Valet/Sites/projetphp/src/Controller/AppController.php, line 68
App\Controller\AppController->beforeRender() /Users/ishaq/Outils/Valet/Sites/projetphp/src/Controller/ErrorController.php, line 56
App\Controller\ErrorController->beforeRender() /Users/ishaq/Outils/Valet/Sites/projetphp/vendor/cakephp/cakephp/src/Event/EventManager.php, line 331
Cake\Event\EventManager->_callListener() /Users/ishaq/Outils/Valet/Sites/projetphp/vendor/cakephp/cakephp/src/Event/EventManager.php, line 309
Cake\Event\EventManager->dispatch() /Users/ishaq/Outils/Valet/Sites/projetphp/vendor/cakephp/cakephp/src/Event/EventDispatcherTrait.php, line 88
Cake\Controller\Controller->dispatchEvent() /Users/ishaq/Outils/Valet/Sites/projetphp/vendor/cakephp/cakephp/src/Controller/Controller.php, line 696
Cake\Controller\Controller->render() /Users/ishaq/Outils/Valet/Sites/projetphp/vendor/cakephp/cakephp/src/Error/Renderer/WebExceptionRenderer.php, line 419
Cake\Error\Renderer\WebExceptionRenderer->_outputMessage() /Users/ishaq/Outils/Valet/Sites/projetphp/vendor/cakephp/cakephp/src/Error/Renderer/WebExceptionRenderer.php, line 290
Cake\Error\Renderer\WebExceptionRenderer->render() /Users/ishaq/Outils/Valet/Sites/projetphp/vendor/cakephp/cakephp/src/Error/Middleware/ErrorHandlerMiddleware.php, line 149
Cake\Error\Middleware\ErrorHandlerMiddleware->handleException() /Users/ishaq/Outils/Valet/Sites/projetphp/vendor/cakephp/cakephp/src/Error/Middleware/ErrorHandlerMiddleware.php, line 119
Cake\Error\Middleware\ErrorHandlerMiddleware->process() /Users/ishaq/Outils/Valet/Sites/projetphp/vendor/cakephp/cakephp/src/Http/Runner.php, line 82
Cake\Http\Runner->handle() /Users/ishaq/Outils/Valet/Sites/projetphp/vendor/cakephp/authentication/src/Middleware/AuthenticationMiddleware.php, line 107
Authentication\Middleware\AuthenticationMiddleware->process() /Users/ishaq/Outils/Valet/Sites/projetphp/vendor/cakephp/cakephp/src/Http/Runner.php, line 82
Cake\Http\Runner->handle() /Users/ishaq/Outils/Valet/Sites/projetphp/vendor/cakephp/cakephp/src/Routing/Middleware/RoutingMiddleware.php, line 118
Cake\Routing\Middleware\RoutingMiddleware->process() /Users/ishaq/Outils/Valet/Sites/projetphp/vendor/cakephp/cakephp/src/Http/Runner.php, line 82
Cake\Http\Runner->handle() /Users/ishaq/Outils/Valet/Sites/projetphp/vendor/cakephp/debug_kit/src/Middleware/DebugKitMiddleware.php, line 60
DebugKit\Middleware\DebugKitMiddleware->process() /Users/ishaq/Outils/Valet/Sites/projetphp/vendor/cakephp/cakephp/src/Http/Runner.php, line 82
Cake\Http\Runner->handle() /Users/ishaq/Outils/Valet/Sites/projetphp/vendor/cakephp/cakephp/src/Http/Runner.php, line 60
Cake\Http\Runner->run() /Users/ishaq/Outils/Valet/Sites/projetphp/vendor/cakephp/cakephp/src/Http/Server.php, line 104
Cake\Http\Server->run() /Users/ishaq/Outils/Valet/Sites/projetphp/webroot/index.php, line 37
/Users/ishaq/.composer/vendor/laravel/valet/server.php /Users/ishaq/.composer/vendor/laravel/valet/server.php, line 110
[main]

